<?xml version="1.0" encoding="UTF-8"?>
<testng-results skipped="0" failed="0" ignored="0" total="1" passed="1">
  <reporter-output>
  </reporter-output>
  <suite name="FirstTestSuite" duration-ms="20420" started-at="2019-04-16T02:01:32Z" finished-at="2019-04-16T02:01:52Z">
    <groups>
    </groups>
    <test name="SecondTestSuite" duration-ms="20420" started-at="2019-04-16T02:01:32Z" finished-at="2019-04-16T02:01:52Z">
      <class name="javaFramework.CreateNewUserTest">
        <test-method status="PASS" signature="methodSetup()[pri:0, instance:javaFramework.CreateNewUserTest@3567135c]" name="methodSetup" is-config="true" duration-ms="8014" started-at="2019-04-16T02:01:32Z" finished-at="2019-04-16T02:01:40Z">
          <reporter-output>
          </reporter-output>
        </test-method> <!-- methodSetup -->
        <test-method status="PASS" signature="CreateNewUser()[pri:0, instance:javaFramework.CreateNewUserTest@3567135c]" name="CreateNewUser" duration-ms="11655" started-at="2019-04-16T02:01:40Z" finished-at="2019-04-16T02:01:52Z">
          <reporter-output>
          </reporter-output>
        </test-method> <!-- CreateNewUser -->
        <test-method status="PASS" signature="methodTearDown()[pri:0, instance:javaFramework.CreateNewUserTest@3567135c]" name="methodTearDown" is-config="true" duration-ms="703" started-at="2019-04-16T02:01:52Z" finished-at="2019-04-16T02:01:52Z">
          <reporter-output>
          </reporter-output>
        </test-method> <!-- methodTearDown -->
      </class> <!-- javaFramework.CreateNewUserTest -->
    </test> <!-- SecondTestSuite -->
  </suite> <!-- FirstTestSuite -->
</testng-results>
